# JRE version: OpenJDK Runtime Environment JBR-17.0.4.1+7-469.62-jcef (17.0.4.1+7) (build 17.0.4.1+7-b469.62)
# Java VM: OpenJDK 64-Bit Server VM JBR-17.0.4.1+7-469.62-jcef (17.0.4.1+7-b469.62, mixed mode, tiered, compressed oops, compressed class ptrs, g1 gc, windows-amd64)
GC Precious Log:
 CPUs: 12 total, 12 available
 Memory: 15741M
 Large Page Support: Disabled
 NUMA Support: Disabled
 Compressed Oops: Enabled (32-bit)
 Heap Region Size: 1M
 Heap Min Capacity: 128M
 Heap Initial Capacity: 128M
 Heap Max Capacity: 1G
 Pre-touch: Disabled
 Parallel Workers: 10
 Concurrent Workers: 3
 Concurrent Refinement Workers: 10
 Periodic GC: Disabled
Heap:
 garbage-first heap   total 131072K, used 53996K [0x00000000c0000000, 0x0000000100000000)
  region size 1024K, 49 young (50176K), 3 survivors (3072K)
 Metaspace       used 25457K, committed 25856K, reserved 1073152K
  class space    used 2596K, committed 2816K, reserved 1048576K
GC Heap History (6 events):
Event: 2.360 GC heap before
{Heap before GC invocations=0 (full 0):
 garbage-first heap   total 131072K, used 22528K [0x00000000c0000000, 0x0000000100000000)
  region size 1024K, 23 young (23552K), 0 survivors (0K)
 Metaspace       used 21075K, committed 21376K, reserved 1073152K
  class space    used 2248K, committed 2368K, reserved 1048576K
}
Event: 2.374 GC heap after
{Heap after GC invocations=1 (full 0):
 garbage-first heap   total 131072K, used 5820K [0x00000000c0000000, 0x0000000100000000)
  region size 1024K, 3 young (3072K), 3 survivors (3072K)
 Metaspace       used 21075K, committed 21376K, reserved 1073152K
  class space    used 2248K, committed 2368K, reserved 1048576K
}
Event: 2.430 GC heap before
{Heap before GC invocations=1 (full 0):
 garbage-first heap   total 131072K, used 5820K [0x00000000c0000000, 0x0000000100000000)
  region size 1024K, 4 young (4096K), 3 survivors (3072K)
 Metaspace       used 21348K, committed 21504K, reserved 1073152K
  class space    used 2282K, committed 2368K, reserved 1048576K
}
Event: 2.436 GC heap after
{Heap after GC invocations=2 (full 0):
 garbage-first heap   total 131072K, used 6063K [0x00000000c0000000, 0x0000000100000000)
  region size 1024K, 1 young (1024K), 1 survivors (1024K)
 Metaspace       used 21348K, committed 21504K, reserved 1073152K
  class space    used 2282K, committed 2368K, reserved 1048576K
}
Event: 1617.466 GC heap before
{Heap before GC invocations=3 (full 0):
 garbage-first heap   total 131072K, used 51119K [0x00000000c0000000, 0x0000000100000000)
  region size 1024K, 45 young (46080K), 1 survivors (1024K)
 Metaspace       used 25113K, committed 25472K, reserved 1073152K
  class space    used 2585K, committed 2752K, reserved 1048576K
}
Event: 1617.469 GC heap after
{Heap after GC invocations=4 (full 0):
 garbage-first heap   total 131072K, used 7916K [0x00000000c0000000, 0x0000000100000000)
  region size 1024K, 3 young (3072K), 3 survivors (3072K)
 Metaspace       used 25113K, committed 25472K, reserved 1073152K
  class space    used 2585K, committed 2752K, reserved 1048576K
}

